============================================================
  Generated by:           Genus(TM) Synthesis Solution 19.15-s090_1
  Generated on:           May 08 2024  08:40:28 pm
  Module:                 riscv_top
  Library domain:         ss_100C_1v60.setup_cond
    Domain index:         0
    Technology libraries: sky130_fd_sc_hd__ss_100C_1v60 1.0000000000
                          sky130_ef_io__gpiov2_pad_wrapped_ss_ss_100C_1v60_3v00 1.0
                          sky130_ef_io__vccd_lvc_clamped3_pad_ss_100C_1v60_3v00_3v00 1.0000000
                          sky130_ef_io__vccd_lvc_clamped_pad_ss_100C_1v60_3v00_3v00 1.0000000
                          sky130_ef_io__vdda_hvc_clamped_pad_ss_100C_1v60_3v00_3v00 1.0000000
                          sky130_ef_io__vddio_hvc_clamped_pad_ss_100C_1v60_3v00_3v00 1.0000000
                          sky130_ef_io__vssa_hvc_clamped_pad_ss_100C_1v60_3v00_3v00 1.0000000
                          sky130_ef_io__vssd_lvc_clamped3_pad_ss_100C_1v60_3v00 1.0
                          sky130_ef_io__vssd_lvc_clamped_pad_ss_100C_1v60_3v00 1.0
                          sky130_ef_io__vssio_hvc_clamped_pad_ss_100C_1v60_3v00_3v00 1.0000000
                          sky130_fd_io__top_gpiov2_ss_ss_100C_1v60_3v00 1.0
                          sky130_fd_io__top_ground_hvc_wpad_ss_100C_1v60_3v00_3v00 1.0000000
                          sky130_fd_io__top_ground_lvc_wpad_ss_100C_1v60_3v00 1.0
                          sky130_fd_io__top_power_hvc_wpad_ss_100C_1v60_3v00_3v00 1.0000000
                          sky130_fd_io__top_power_lvc_wpad_ss_100C_1v60_3v00_3v00 1.0000000
                          sky130_fd_io__top_xres4v2_ss_ss_100C_1v60_3v00 1.0
                          sram22_1024x32m8w8 1.0
                          sram22_64x32m4w32 1.0
                          sram22_1024x32m8w32 1.0
                          sram22_512x32m4w32 1.0
                          sram22_2048x32m8w8 1.0
                          sram22_512x32m4w8 1.0
                          sram22_4096x32m8w8 1.0
                          sram22_64x4m4w2 1.0
                          sram22_256x32m4w8 1.0
                          sram22_4096x8m8w8 1.0
                          sram22_64x32m4w8 1.0
                          sram22_64x24m4w24 1.0
                          sram22_512x64m4w8 1.0
  Operating conditions:   ss_100C_1v60 
  Interconnect mode:      global
  Area mode:              physical library
============================================================

   Instance               Module              Cell Count   Cell Area   Net Area   Total Area 
---------------------------------------------------------------------------------------------
riscv_top                                          20904 1059389.534 117088.134  1176477.668 
  mem         Memory151                            12134  974977.326  65565.982  1040543.308 
    dcache    cache_1                               5938  489832.160  32378.048   522210.208 
      REG0_63 REGISTER_R_N22_1145                     44     578.054     74.662      652.717 
      REG0_62 REGISTER_R_N22_1146                     44     578.054     74.662      652.717 
      REG0_61 REGISTER_R_N22_1147                     44     578.054     74.662      652.717 
      REG0_60 REGISTER_R_N22_1148                     44     578.054     74.662      652.717 
      REG0_59 REGISTER_R_N22_1149                     44     578.054     74.662      652.717 
      REG0_58 REGISTER_R_N22_1150                     44     578.054     74.662      652.717 
      REG0_57 REGISTER_R_N22_1151                     44     578.054     74.662      652.717 
      REG0_56 REGISTER_R_N22_1152                     44     578.054     74.662      652.717 
      REG0_55 REGISTER_R_N22_1153                     44     578.054     74.662      652.717 
      REG0_54 REGISTER_R_N22_1154                     44     578.054     74.662      652.717 
      REG0_53 REGISTER_R_N22_1155                     44     578.054     74.662      652.717 
      REG0_52 REGISTER_R_N22_1156                     44     578.054     74.662      652.717 
      REG0_51 REGISTER_R_N22_1157                     44     578.054     74.662      652.717 
      REG0_50 REGISTER_R_N22_1158                     44     578.054     74.662      652.717 
      REG0_49 REGISTER_R_N22_1159                     44     578.054     74.662      652.717 
      REG0_48 REGISTER_R_N22_1160                     44     578.054     74.662      652.717 
      REG0_47 REGISTER_R_N22_1161                     44     578.054     74.662      652.717 
      REG0_46 REGISTER_R_N22_1162                     44     578.054     74.662      652.717 
      REG0_45 REGISTER_R_N22_1163                     44     578.054     74.662      652.717 
      REG0_44 REGISTER_R_N22_1164                     44     578.054     74.662      652.717 
      REG0_43 REGISTER_R_N22_1165                     44     578.054     74.662      652.717 
      REG0_42 REGISTER_R_N22_1166                     44     578.054     74.662      652.717 
      REG0_41 REGISTER_R_N22_1167                     44     578.054     74.662      652.717 
      REG0_40 REGISTER_R_N22_1168                     44     578.054     74.662      652.717 
      REG0_39 REGISTER_R_N22_1169                     44     578.054     74.662      652.717 
      REG0_38 REGISTER_R_N22_1170                     44     578.054     74.662      652.717 
      REG0_37 REGISTER_R_N22_1171                     44     578.054     74.662      652.717 
      REG0_36 REGISTER_R_N22_1172                     44     578.054     74.662      652.717 
      REG0_35 REGISTER_R_N22_1173                     44     578.054     74.662      652.717 
      REG0_34 REGISTER_R_N22_1174                     44     578.054     74.662      652.717 
      REG0_33 REGISTER_R_N22_1175                     44     578.054     74.662      652.717 
      REG0_32 REGISTER_R_N22_1176                     44     578.054     74.662      652.717 
      REG0_31 REGISTER_R_N22_1177                     44     578.054     74.662      652.717 
      REG0_30 REGISTER_R_N22_1178                     44     578.054     74.662      652.717 
      REG0_29 REGISTER_R_N22_1179                     44     578.054     74.662      652.717 
      REG0_28 REGISTER_R_N22_1180                     44     578.054     74.662      652.717 
      REG0_27 REGISTER_R_N22_1181                     44     578.054     74.662      652.717 
      REG0_26 REGISTER_R_N22_1182                     44     578.054     74.662      652.717 
      REG0_25 REGISTER_R_N22_1183                     44     578.054     74.662      652.717 
      REG0_24 REGISTER_R_N22_1184                     44     578.054     74.662      652.717 
      REG0_23 REGISTER_R_N22_1185                     44     578.054     74.662      652.717 
      REG0_22 REGISTER_R_N22_1186                     44     578.054     74.662      652.717 
      REG0_21 REGISTER_R_N22_1187                     44     578.054     74.662      652.717 
      REG0_20 REGISTER_R_N22_1188                     44     578.054     74.662      652.717 
      REG0_19 REGISTER_R_N22_1189                     44     578.054     74.662      652.717 
      REG0_18 REGISTER_R_N22_1190                     44     578.054     74.662      652.717 
      REG0_17 REGISTER_R_N22_1191                     44     578.054     74.662      652.717 
      REG0_16 REGISTER_R_N22_1192                     44     578.054     74.662      652.717 
      REG0_15 REGISTER_R_N22_1193                     44     578.054     74.662      652.717 
      REG0_14 REGISTER_R_N22_1194                     44     578.054     74.662      652.717 
      REG0_13 REGISTER_R_N22_1195                     44     578.054     74.662      652.717 
      REG0_12 REGISTER_R_N22_1196                     44     578.054     74.662      652.717 
      REG0_11 REGISTER_R_N22_1197                     44     578.054     74.662      652.717 
      REG0_10 REGISTER_R_N22_1198                     44     578.054     74.662      652.717 
      REG0_9  REGISTER_R_N22_1199                     44     578.054     74.662      652.717 
      REG0_8  REGISTER_R_N22_1200                     44     578.054     74.662      652.717 
      REG0_7  REGISTER_R_N22_1201                     44     578.054     74.662      652.717 
      REG0_6  REGISTER_R_N22_1202                     44     578.054     74.662      652.717 
      REG0_5  REGISTER_R_N22_1203                     44     578.054     74.662      652.717 
      REG0_4  REGISTER_R_N22_1204                     44     578.054     74.662      652.717 
      REG0_3  REGISTER_R_N22_1205                     44     578.054     74.662      652.717 
      REG0_2  REGISTER_R_N22_1206                     44     578.054     74.662      652.717 
      REG0_1  REGISTER_R_N22_1207                     44     578.054     74.662      652.717 
      REG0_0  REGISTER_R_N22_1208                     44     578.054     74.662      652.717 
      R0      REGISTER_R_N30_1274                     32     157.651      6.787      164.439 
      R2      REGISTER_R_N3_1273                       6      78.826     10.181       89.007 
      R1      REGISTER_R_N2_1144                       4      52.550      6.787       59.338 
    icache    cache                                 6004  484039.104  32555.567   516594.671 
      REG0_63 REGISTER_R_N22_1209                     44     578.054     74.662      652.717 
      REG0_62 REGISTER_R_N22_1210                     44     578.054     74.662      652.717 
      REG0_61 REGISTER_R_N22_1211                     44     578.054     74.662      652.717 
      REG0_60 REGISTER_R_N22_1212                     44     578.054     74.662      652.717 
      REG0_59 REGISTER_R_N22_1213                     44     578.054     74.662      652.717 
      REG0_58 REGISTER_R_N22_1214                     44     578.054     74.662      652.717 
      REG0_57 REGISTER_R_N22_1215                     44     578.054     74.662      652.717 
      REG0_56 REGISTER_R_N22_1216                     44     578.054     74.662      652.717 
      REG0_55 REGISTER_R_N22_1217                     44     578.054     74.662      652.717 
      REG0_54 REGISTER_R_N22_1218                     44     578.054     74.662      652.717 
      REG0_53 REGISTER_R_N22_1219                     44     578.054     74.662      652.717 
      REG0_52 REGISTER_R_N22_1220                     44     578.054     74.662      652.717 
      REG0_51 REGISTER_R_N22_1221                     44     578.054     74.662      652.717 
      REG0_50 REGISTER_R_N22_1222                     44     578.054     74.662      652.717 
      REG0_49 REGISTER_R_N22_1223                     44     578.054     74.662      652.717 
      REG0_48 REGISTER_R_N22_1224                     44     578.054     74.662      652.717 
      REG0_47 REGISTER_R_N22_1225                     44     578.054     74.662      652.717 
      REG0_46 REGISTER_R_N22_1226                     44     578.054     74.662      652.717 
      REG0_45 REGISTER_R_N22_1227                     44     578.054     74.662      652.717 
      REG0_44 REGISTER_R_N22_1228                     44     578.054     74.662      652.717 
      REG0_43 REGISTER_R_N22_1229                     44     578.054     74.662      652.717 
      REG0_42 REGISTER_R_N22_1230                     44     578.054     74.662      652.717 
      REG0_41 REGISTER_R_N22_1231                     44     578.054     74.662      652.717 
      REG0_40 REGISTER_R_N22_1232                     44     578.054     74.662      652.717 
      REG0_39 REGISTER_R_N22_1233                     44     578.054     74.662      652.717 
      REG0_38 REGISTER_R_N22_1234                     44     578.054     74.662      652.717 
      REG0_37 REGISTER_R_N22_1235                     44     578.054     74.662      652.717 
      REG0_36 REGISTER_R_N22_1236                     44     578.054     74.662      652.717 
      REG0_35 REGISTER_R_N22_1237                     44     578.054     74.662      652.717 
      REG0_34 REGISTER_R_N22_1238                     44     578.054     74.662      652.717 
      REG0_33 REGISTER_R_N22_1239                     44     578.054     74.662      652.717 
      REG0_32 REGISTER_R_N22_1240                     44     578.054     74.662      652.717 
      REG0_31 REGISTER_R_N22_1241                     44     578.054     74.662      652.717 
      REG0_30 REGISTER_R_N22_1242                     44     578.054     74.662      652.717 
      REG0_29 REGISTER_R_N22_1243                     44     578.054     74.662      652.717 
      REG0_28 REGISTER_R_N22_1244                     44     578.054     74.662      652.717 
      REG0_27 REGISTER_R_N22_1245                     44     578.054     74.662      652.717 
      REG0_26 REGISTER_R_N22_1246                     44     578.054     74.662      652.717 
      REG0_25 REGISTER_R_N22_1247                     44     578.054     74.662      652.717 
      REG0_24 REGISTER_R_N22_1248                     44     578.054     74.662      652.717 
      REG0_23 REGISTER_R_N22_1249                     44     578.054     74.662      652.717 
      REG0_22 REGISTER_R_N22_1250                     44     578.054     74.662      652.717 
      REG0_21 REGISTER_R_N22_1251                     44     578.054     74.662      652.717 
      REG0_20 REGISTER_R_N22_1252                     44     578.054     74.662      652.717 
      REG0_19 REGISTER_R_N22_1253                     44     578.054     74.662      652.717 
      REG0_18 REGISTER_R_N22_1254                     44     578.054     74.662      652.717 
      REG0_17 REGISTER_R_N22_1255                     44     578.054     74.662      652.717 
      REG0_16 REGISTER_R_N22_1256                     44     578.054     74.662      652.717 
      REG0_15 REGISTER_R_N22_1257                     44     578.054     74.662      652.717 
      REG0_14 REGISTER_R_N22_1258                     44     578.054     74.662      652.717 
      REG0_13 REGISTER_R_N22_1259                     44     578.054     74.662      652.717 
      REG0_12 REGISTER_R_N22_1260                     44     578.054     74.662      652.717 
      REG0_11 REGISTER_R_N22_1261                     44     578.054     74.662      652.717 
      REG0_10 REGISTER_R_N22_1262                     44     578.054     74.662      652.717 
      REG0_9  REGISTER_R_N22_1263                     44     578.054     74.662      652.717 
      REG0_8  REGISTER_R_N22_1264                     44     578.054     74.662      652.717 
      REG0_7  REGISTER_R_N22_1265                     44     578.054     74.662      652.717 
      REG0_6  REGISTER_R_N22_1266                     44     578.054     74.662      652.717 
      REG0_5  REGISTER_R_N22_1267                     44     578.054     74.662      652.717 
      REG0_4  REGISTER_R_N22_1268                     44     578.054     74.662      652.717 
      REG0_3  REGISTER_R_N22_1269                     44     578.054     74.662      652.717 
      REG0_2  REGISTER_R_N22_1270                     44     578.054     74.662      652.717 
      REG0_1  REGISTER_R_N22_1271                     44     578.054     74.662      652.717 
      REG0_0  REGISTER_R_N22                          44     578.054     74.662      652.717 
      R0      REGISTER_R_N30                          32     157.651      6.787      164.439 
      R2      REGISTER_R_N3                            6      78.826     10.181       89.007 
      R1      REGISTER_R_N2                            4      52.550      6.787       59.338 
    arbiter   riscv_arbiter                          129     835.802    355.038     1190.839 
  cpu         Riscv151                              8739   84016.829  48367.189   132384.018 
    DEE       DEE                                   5101   54205.738  27719.570    81925.308 
      R0      regfile                               4814   52140.006  26470.847    78610.853 
        REG31 REGISTER_R_N32_1281                     70     863.328    178.563     1041.891 
        REG30 REGISTER_R_N32_1282                     70     863.328    178.563     1041.891 
        REG29 REGISTER_R_N32_1283                     70     863.328    178.563     1041.891 
        REG28 REGISTER_R_N32_1284                     70     863.328    178.563     1041.891 
        REG27 REGISTER_R_N32_1285                     70     863.328    178.563     1041.891 
        REG26 REGISTER_R_N32_1286                     70     863.328    178.563     1041.891 
        REG25 REGISTER_R_N32_1287                     70     863.328    178.563     1041.891 
        REG24 REGISTER_R_N32_1288                     70     863.328    178.563     1041.891 
        REG23 REGISTER_R_N32_1289                     70     863.328    178.563     1041.891 
        REG22 REGISTER_R_N32_1290                     70     863.328    178.563     1041.891 
        REG21 REGISTER_R_N32_1291                     70     863.328    178.563     1041.891 
        REG20 REGISTER_R_N32_1292                     70     863.328    178.563     1041.891 
        REG19 REGISTER_R_N32_1293                     70     863.328    178.563     1041.891 
        REG18 REGISTER_R_N32_1294                     70     863.328    178.563     1041.891 
        REG17 REGISTER_R_N32_1295                     70     863.328    178.563     1041.891 
        REG16 REGISTER_R_N32_1296                     70     863.328    178.563     1041.891 
        REG15 REGISTER_R_N32_1297                     70     863.328    178.563     1041.891 
        REG14 REGISTER_R_N32_1298                     70     863.328    178.563     1041.891 
        REG13 REGISTER_R_N32_1299                     70     863.328    178.563     1041.891 
        REG12 REGISTER_R_N32_1300                     70     863.328    178.563     1041.891 
        REG11 REGISTER_R_N32_1301                     70     863.328    178.563     1041.891 
        REG10 REGISTER_R_N32_1302                     70     863.328    178.563     1041.891 
        REG9  REGISTER_R_N32_1303                     70     863.328    178.563     1041.891 
        REG8  REGISTER_R_N32_1304                     70     863.328    178.563     1041.891 
        REG7  REGISTER_R_N32_1305                     70     863.328    178.563     1041.891 
        REG6  REGISTER_R_N32_1306                     70     863.328    178.563     1041.891 
        REG5  REGISTER_R_N32_1307                     70     863.328    178.563     1041.891 
        REG4  REGISTER_R_N32_1308                     70     863.328    178.563     1041.891 
        REG3  REGISTER_R_N32_1309                     70     863.328    178.563     1041.891 
        REG2  REGISTER_R_N32_1310                     70     863.328    178.563     1041.891 
        REG1  REGISTER_R_N32_1311                     70     863.328    178.563     1041.891 
        CSR0  REGISTER_R_N32_1312                     70     863.328    178.563     1041.891 
      I0      ImmGen                                  78     509.238    304.915      814.153 
      A0      ALUdec                                  37     235.226    169.861      405.087 
    XM        XM                                    1465   10027.117   6974.055    17001.172 
      ALU0    ALU                                   1133    7764.947   5816.701    13581.649 
    DEEXM     DEE_XM                                 708    7283.235   2055.477     9338.712 
      R17     REGISTER_R_N32_1276                     70     863.328    178.563     1041.891 
      R5      REGISTER_R_N32_1278                     70     863.328    178.563     1041.891 
      R4      REGISTER_R_N32_1279                     70     863.328    178.563     1041.891 
      R2      REGISTER_R_N32_1280                     70     863.328    178.563     1041.891 
      R16     REGISTER_R_N32_1277                     64     840.806    108.600      949.406 
      R14     REGISTER_R_N32_INIT32h00000013          44     390.374     40.725      431.099 
      R3      REGISTER_R_N5                           10     131.376     16.969      148.345 
      R0      REGISTER_R_N4                            8     105.101     13.575      118.676 
      R6      REGISTER_R_N3_1272                       6      78.826     10.181       89.007 
      R12     REGISTER_R_N2_1142                       4      52.550      6.787       59.338 
      R9      REGISTER_R_N2_1143                       4      52.550      6.787       59.338 
      R15     REGISTER_R_N1_1136                       2      26.275      3.394       29.669 
      R13     REGISTER_R_N1_1137                       2      26.275      3.394       29.669 
      R11     REGISTER_R_N1_1138                       2      26.275      3.394       29.669 
      R8      REGISTER_R_N1_1139                       2      26.275      3.394       29.669 
      R7      REGISTER_R_N1_1140                       2      26.275      3.394       29.669 
    MEMWB     MEM_WB                                 529    5124.915   1015.599     6140.515 
      R0      REGISTER_R_CE_N174                     316    3464.573    667.001     4131.574 
      R2      REGISTER_R_N32_1275                     70     863.328    178.563     1041.891 
      R1      REGISTER_R_N1_1135                       2      27.526      3.394       30.920 
    IF        IF                                     199    2081.997    729.916     2811.913 
      R0      REGISTER_R_N32_INIT32h00002000          65     852.067    108.600      960.667 
    IFDE      IF_DE                                  175    2157.069    583.115     2740.183 
      R0      REGISTER_R_CE_N32                       67     869.584    115.387      984.971 
      R3      REGISTER_R_N32                          64     840.806    108.600      949.406 
      R1      REGISTER_R_CE_N1_INIT1h1                 1      30.029      0.000       30.029 
      R4      REGISTER_R_N1                            2      26.275      3.394       29.669 
      R2      REGISTER_R_N1_1141                       2      26.275      3.394       29.669 
    WB        WB                                     156    1206.157    787.870     1994.027 
    BU        bypass_unit                             72     455.437    363.043      818.480 
    SU        stall_unit                              39     253.994    178.563      432.557 
    Control   Control                                 24     141.386     72.226      213.611 
