============================================================
  Generated by:           Genus(TM) Synthesis Solution 19.15-s090_1
  Generated on:           May 08 2024  08:40:33 pm
  Module:                 riscv_top
  Library domain:         ss_100C_1v60.setup_cond
    Domain index:         0
    Technology libraries: sky130_fd_sc_hd__ss_100C_1v60 1.0000000000
                          sky130_ef_io__gpiov2_pad_wrapped_ss_ss_100C_1v60_3v00 1.0
                          sky130_ef_io__vccd_lvc_clamped3_pad_ss_100C_1v60_3v00_3v00 1.0000000
                          sky130_ef_io__vccd_lvc_clamped_pad_ss_100C_1v60_3v00_3v00 1.0000000
                          sky130_ef_io__vdda_hvc_clamped_pad_ss_100C_1v60_3v00_3v00 1.0000000
                          sky130_ef_io__vddio_hvc_clamped_pad_ss_100C_1v60_3v00_3v00 1.0000000
                          sky130_ef_io__vssa_hvc_clamped_pad_ss_100C_1v60_3v00_3v00 1.0000000
                          sky130_ef_io__vssd_lvc_clamped3_pad_ss_100C_1v60_3v00 1.0
                          sky130_ef_io__vssd_lvc_clamped_pad_ss_100C_1v60_3v00 1.0
                          sky130_ef_io__vssio_hvc_clamped_pad_ss_100C_1v60_3v00_3v00 1.0000000
                          sky130_fd_io__top_gpiov2_ss_ss_100C_1v60_3v00 1.0
                          sky130_fd_io__top_ground_hvc_wpad_ss_100C_1v60_3v00_3v00 1.0000000
                          sky130_fd_io__top_ground_lvc_wpad_ss_100C_1v60_3v00 1.0
                          sky130_fd_io__top_power_hvc_wpad_ss_100C_1v60_3v00_3v00 1.0000000
                          sky130_fd_io__top_power_lvc_wpad_ss_100C_1v60_3v00_3v00 1.0000000
                          sky130_fd_io__top_xres4v2_ss_ss_100C_1v60_3v00 1.0
                          sram22_1024x32m8w8 1.0
                          sram22_64x32m4w32 1.0
                          sram22_1024x32m8w32 1.0
                          sram22_512x32m4w32 1.0
                          sram22_2048x32m8w8 1.0
                          sram22_512x32m4w8 1.0
                          sram22_4096x32m8w8 1.0
                          sram22_64x4m4w2 1.0
                          sram22_256x32m4w8 1.0
                          sram22_4096x8m8w8 1.0
                          sram22_64x32m4w8 1.0
                          sram22_64x24m4w24 1.0
                          sram22_512x64m4w8 1.0
  Operating conditions:   ss_100C_1v60 
  Interconnect mode:      global
  Area mode:              physical library
============================================================

                                                     Leakage                                    Library 
           Gate             Instances     Area      Power (nW)              Library              Domain 
--------------------------------------------------------------------------------------------------------
sky130_fd_sc_hd__a2111oi_0          7       61.309      12.077    sky130_fd_sc_hd__ss_100C_1v60       0 
sky130_fd_sc_hd__a211o_1           17      148.893     144.271    sky130_fd_sc_hd__ss_100C_1v60       0 
sky130_fd_sc_hd__a211o_4            1       17.517      12.991    sky130_fd_sc_hd__ss_100C_1v60       0 
sky130_fd_sc_hd__a211oi_1           6       45.043      11.429    sky130_fd_sc_hd__ss_100C_1v60       0 
sky130_fd_sc_hd__a21boi_1           5       37.536      18.530    sky130_fd_sc_hd__ss_100C_1v60       0 
sky130_fd_sc_hd__a21o_1            91      683.155     652.700    sky130_fd_sc_hd__ss_100C_1v60       0 
sky130_fd_sc_hd__a21o_2             1        8.758       8.303    sky130_fd_sc_hd__ss_100C_1v60       0 
sky130_fd_sc_hd__a21oi_1           80      400.384     109.951    sky130_fd_sc_hd__ss_100C_1v60       0 
sky130_fd_sc_hd__a221o_1          260     2602.496    1078.097    sky130_fd_sc_hd__ss_100C_1v60       0 
sky130_fd_sc_hd__a221o_4            1       21.270       8.722    sky130_fd_sc_hd__ss_100C_1v60       0 
sky130_fd_sc_hd__a221oi_1         517     4528.093     587.075    sky130_fd_sc_hd__ss_100C_1v60       0 
sky130_fd_sc_hd__a222oi_1         378     3783.629     419.233    sky130_fd_sc_hd__ss_100C_1v60       0 
sky130_fd_sc_hd__a22o_1           887     7768.701    3450.980    sky130_fd_sc_hd__ss_100C_1v60       0 
sky130_fd_sc_hd__a22o_4             1       17.517      10.181    sky130_fd_sc_hd__ss_100C_1v60       0 
sky130_fd_sc_hd__a22oi_1          287     2154.566     116.860    sky130_fd_sc_hd__ss_100C_1v60       0 
sky130_fd_sc_hd__a2bb2o_1           1       10.010       7.302    sky130_fd_sc_hd__ss_100C_1v60       0 
sky130_fd_sc_hd__a2bb2oi_1         40      350.336     141.384    sky130_fd_sc_hd__ss_100C_1v60       0 
sky130_fd_sc_hd__a31o_1             5       43.792      12.681    sky130_fd_sc_hd__ss_100C_1v60       0 
sky130_fd_sc_hd__a31oi_1            9       56.304      11.743    sky130_fd_sc_hd__ss_100C_1v60       0 
sky130_fd_sc_hd__a32o_1             3       30.029       9.483    sky130_fd_sc_hd__ss_100C_1v60       0 
sky130_fd_sc_hd__a32oi_1           82      718.189      67.788    sky130_fd_sc_hd__ss_100C_1v60       0 
sky130_fd_sc_hd__a41o_1            11      110.106      34.123    sky130_fd_sc_hd__ss_100C_1v60       0 
sky130_fd_sc_hd__a41oi_1           15      131.376      17.139    sky130_fd_sc_hd__ss_100C_1v60       0 
sky130_fd_sc_hd__and2_0           134      838.304     529.754    sky130_fd_sc_hd__ss_100C_1v60       0 
sky130_fd_sc_hd__and2_1           311     1945.616    1082.871    sky130_fd_sc_hd__ss_100C_1v60       0 
sky130_fd_sc_hd__and2_2            21      157.651     105.361    sky130_fd_sc_hd__ss_100C_1v60       0 
sky130_fd_sc_hd__and2_4             7       61.309      45.640    sky130_fd_sc_hd__ss_100C_1v60       0 
sky130_fd_sc_hd__and2b_1           37      277.766     267.552    sky130_fd_sc_hd__ss_100C_1v60       0 
sky130_fd_sc_hd__and2b_2           19      166.410     163.165    sky130_fd_sc_hd__ss_100C_1v60       0 
sky130_fd_sc_hd__and2b_4            2       20.019      16.024    sky130_fd_sc_hd__ss_100C_1v60       0 
sky130_fd_sc_hd__and3_1            23      143.888     146.033    sky130_fd_sc_hd__ss_100C_1v60       0 
sky130_fd_sc_hd__and3_2             1        7.507       6.215    sky130_fd_sc_hd__ss_100C_1v60       0 
sky130_fd_sc_hd__and3b_1           13      113.859     120.788    sky130_fd_sc_hd__ss_100C_1v60       0 
sky130_fd_sc_hd__and3b_2            2       20.019      16.417    sky130_fd_sc_hd__ss_100C_1v60       0 
sky130_fd_sc_hd__and4_1             8       70.067      52.057    sky130_fd_sc_hd__ss_100C_1v60       0 
sky130_fd_sc_hd__and4b_1            7       70.067      49.043    sky130_fd_sc_hd__ss_100C_1v60       0 
sky130_fd_sc_hd__buf_1              8       30.029      35.149    sky130_fd_sc_hd__ss_100C_1v60       0 
sky130_fd_sc_hd__buf_12             2       40.038      32.661    sky130_fd_sc_hd__ss_100C_1v60       0 
sky130_fd_sc_hd__buf_2            259     1296.243    1458.328    sky130_fd_sc_hd__ss_100C_1v60       0 
sky130_fd_sc_hd__buf_4             10       75.072      76.518    sky130_fd_sc_hd__ss_100C_1v60       0 
sky130_fd_sc_hd__buf_6              8       90.086      76.918    sky130_fd_sc_hd__ss_100C_1v60       0 
sky130_fd_sc_hd__buf_8            196     2942.822    2344.160    sky130_fd_sc_hd__ss_100C_1v60       0 
sky130_fd_sc_hd__bufinv_16          1       30.029      24.647    sky130_fd_sc_hd__ss_100C_1v60       0 
sky130_fd_sc_hd__clkbuf_1          11       41.290      48.329    sky130_fd_sc_hd__ss_100C_1v60       0 
sky130_fd_sc_hd__clkbuf_2          23      115.110     132.063    sky130_fd_sc_hd__ss_100C_1v60       0 
sky130_fd_sc_hd__clkbuf_4          32      240.230     206.862    sky130_fd_sc_hd__ss_100C_1v60       0 
sky130_fd_sc_hd__clkinv_1         114      427.910     471.706    sky130_fd_sc_hd__ss_100C_1v60       0 
sky130_fd_sc_hd__clkinv_2           1        5.005       6.966    sky130_fd_sc_hd__ss_100C_1v60       0 
sky130_fd_sc_hd__clkinv_8           3       48.797      31.722    sky130_fd_sc_hd__ss_100C_1v60       0 
sky130_fd_sc_hd__conb_1           924     3468.326       2.802    sky130_fd_sc_hd__ss_100C_1v60       0 
sky130_fd_sc_hd__dfstp_2            1       26.275      20.504    sky130_fd_sc_hd__ss_100C_1v60       0 
sky130_fd_sc_hd__dfxtp_1         4294    85962.445   59470.615    sky130_fd_sc_hd__ss_100C_1v60       0 
sky130_fd_sc_hd__dfxtp_2            3       63.811      45.701    sky130_fd_sc_hd__ss_100C_1v60       0 
sky130_fd_sc_hd__dlxtn_2           22      357.843     295.385    sky130_fd_sc_hd__ss_100C_1v60       0 
sky130_fd_sc_hd__dlxtp_1           21      315.302     247.441    sky130_fd_sc_hd__ss_100C_1v60       0 
sky130_fd_sc_hd__edfxtp_1           1       30.029      16.816    sky130_fd_sc_hd__ss_100C_1v60       0 
sky130_fd_sc_hd__fa_1              15      300.288     148.553    sky130_fd_sc_hd__ss_100C_1v60       0 
sky130_fd_sc_hd__fa_2               2       45.043      21.946    sky130_fd_sc_hd__ss_100C_1v60       0 
sky130_fd_sc_hd__ha_1              45      563.040     450.484    sky130_fd_sc_hd__ss_100C_1v60       0 
sky130_fd_sc_hd__inv_1            121      454.186     642.666    sky130_fd_sc_hd__ss_100C_1v60       0 
sky130_fd_sc_hd__inv_12             6       97.594      74.339    sky130_fd_sc_hd__ss_100C_1v60       0 
sky130_fd_sc_hd__inv_16            17      340.326     297.040    sky130_fd_sc_hd__ss_100C_1v60       0 
sky130_fd_sc_hd__inv_2            456     1711.642    2150.082    sky130_fd_sc_hd__ss_100C_1v60       0 
sky130_fd_sc_hd__inv_4              5       31.280      26.544    sky130_fd_sc_hd__ss_100C_1v60       0 
sky130_fd_sc_hd__inv_6              1        8.758       7.091    sky130_fd_sc_hd__ss_100C_1v60       0 
sky130_fd_sc_hd__inv_8              3       33.782      32.218    sky130_fd_sc_hd__ss_100C_1v60       0 
sky130_fd_sc_hd__maj3_1            18      180.173      77.886    sky130_fd_sc_hd__ss_100C_1v60       0 
sky130_fd_sc_hd__mux2_1             8       90.086      37.532    sky130_fd_sc_hd__ss_100C_1v60       0 
sky130_fd_sc_hd__mux2_2          3947    44446.378   27210.597    sky130_fd_sc_hd__ss_100C_1v60       0 
sky130_fd_sc_hd__mux2i_1          293     2932.813    1446.484    sky130_fd_sc_hd__ss_100C_1v60       0 
sky130_fd_sc_hd__mux4_2           317     7139.347    3152.993    sky130_fd_sc_hd__ss_100C_1v60       0 
sky130_fd_sc_hd__nand2_1          412     1546.483     927.311    sky130_fd_sc_hd__ss_100C_1v60       0 
sky130_fd_sc_hd__nand2_2            3       18.768       8.884    sky130_fd_sc_hd__ss_100C_1v60       0 
sky130_fd_sc_hd__nand2_4            1       11.261       3.519    sky130_fd_sc_hd__ss_100C_1v60       0 
sky130_fd_sc_hd__nand2_8            1       20.019      15.653    sky130_fd_sc_hd__ss_100C_1v60       0 
sky130_fd_sc_hd__nand2b_1          82      512.992     276.385    sky130_fd_sc_hd__ss_100C_1v60       0 
sky130_fd_sc_hd__nand3_1           24      120.115     114.012    sky130_fd_sc_hd__ss_100C_1v60       0 
sky130_fd_sc_hd__nand3b_1           4       30.029      13.144    sky130_fd_sc_hd__ss_100C_1v60       0 
sky130_fd_sc_hd__nand4_1           65      406.640     513.987    sky130_fd_sc_hd__ss_100C_1v60       0 
sky130_fd_sc_hd__nand4b_1           1        8.758       2.909    sky130_fd_sc_hd__ss_100C_1v60       0 
sky130_fd_sc_hd__nor2_1           229      859.574     427.395    sky130_fd_sc_hd__ss_100C_1v60       0 
sky130_fd_sc_hd__nor2_2             5       31.280      13.502    sky130_fd_sc_hd__ss_100C_1v60       0 
sky130_fd_sc_hd__nor2_4             8       90.086      49.550    sky130_fd_sc_hd__ss_100C_1v60       0 
sky130_fd_sc_hd__nor2_8             2       40.038       8.815    sky130_fd_sc_hd__ss_100C_1v60       0 
sky130_fd_sc_hd__nor2b_1         4445    27807.920   13095.820    sky130_fd_sc_hd__ss_100C_1v60       0 
sky130_fd_sc_hd__nor2b_4            1       13.763       6.581    sky130_fd_sc_hd__ss_100C_1v60       0 
sky130_fd_sc_hd__nor3_1            15       75.072      19.121    sky130_fd_sc_hd__ss_100C_1v60       0 
sky130_fd_sc_hd__nor3b_1            7       52.550      16.704    sky130_fd_sc_hd__ss_100C_1v60       0 
sky130_fd_sc_hd__nor4_1            13       81.328      29.824    sky130_fd_sc_hd__ss_100C_1v60       0 
sky130_fd_sc_hd__o2111a_1           7       78.826      27.284    sky130_fd_sc_hd__ss_100C_1v60       0 
sky130_fd_sc_hd__o2111ai_1         66      578.054     341.830    sky130_fd_sc_hd__ss_100C_1v60       0 
sky130_fd_sc_hd__o211a_1            1       10.010       8.152    sky130_fd_sc_hd__ss_100C_1v60       0 
sky130_fd_sc_hd__o211ai_1           3       22.522       8.007    sky130_fd_sc_hd__ss_100C_1v60       0 
sky130_fd_sc_hd__o21a_1            15      112.608      42.566    sky130_fd_sc_hd__ss_100C_1v60       0 
sky130_fd_sc_hd__o21ai_1          195      975.936     771.829    sky130_fd_sc_hd__ss_100C_1v60       0 
sky130_fd_sc_hd__o21ai_2            1        8.758       0.399    sky130_fd_sc_hd__ss_100C_1v60       0 
sky130_fd_sc_hd__o21bai_1           4       30.029      13.372    sky130_fd_sc_hd__ss_100C_1v60       0 
sky130_fd_sc_hd__o221a_1            3       33.782       8.948    sky130_fd_sc_hd__ss_100C_1v60       0 
sky130_fd_sc_hd__o221a_2            3       33.782      13.619    sky130_fd_sc_hd__ss_100C_1v60       0 
sky130_fd_sc_hd__o221ai_1          58      507.987     176.693    sky130_fd_sc_hd__ss_100C_1v60       0 
sky130_fd_sc_hd__o22a_1            17      148.893      24.330    sky130_fd_sc_hd__ss_100C_1v60       0 
sky130_fd_sc_hd__o22ai_1          255     1595.280     454.548    sky130_fd_sc_hd__ss_100C_1v60       0 
sky130_fd_sc_hd__o2bb2ai_1        183     1602.787     415.780    sky130_fd_sc_hd__ss_100C_1v60       0 
sky130_fd_sc_hd__o311ai_1          12      105.101      45.989    sky130_fd_sc_hd__ss_100C_1v60       0 
sky130_fd_sc_hd__o31a_1             2       17.517       6.162    sky130_fd_sc_hd__ss_100C_1v60       0 
sky130_fd_sc_hd__o31ai_1            4       30.029       6.110    sky130_fd_sc_hd__ss_100C_1v60       0 
sky130_fd_sc_hd__o32ai_1           10       87.584      11.554    sky130_fd_sc_hd__ss_100C_1v60       0 
sky130_fd_sc_hd__o41ai_1            1        8.758       2.714    sky130_fd_sc_hd__ss_100C_1v60       0 
sky130_fd_sc_hd__or2_0             14       87.584      51.038    sky130_fd_sc_hd__ss_100C_1v60       0 
sky130_fd_sc_hd__or2_1              5       31.280      16.499    sky130_fd_sc_hd__ss_100C_1v60       0 
sky130_fd_sc_hd__or2_2             60      375.360     222.605    sky130_fd_sc_hd__ss_100C_1v60       0 
sky130_fd_sc_hd__or2b_2             9       78.826      30.181    sky130_fd_sc_hd__ss_100C_1v60       0 
sky130_fd_sc_hd__or3_1             16      100.096      28.960    sky130_fd_sc_hd__ss_100C_1v60       0 
sky130_fd_sc_hd__or3b_2            15      131.376     140.280    sky130_fd_sc_hd__ss_100C_1v60       0 
sky130_fd_sc_hd__or3b_4             1       11.261       6.562    sky130_fd_sc_hd__ss_100C_1v60       0 
sky130_fd_sc_hd__or4_1             13       97.594      40.484    sky130_fd_sc_hd__ss_100C_1v60       0 
sky130_fd_sc_hd__or4_2             10       87.584      77.296    sky130_fd_sc_hd__ss_100C_1v60       0 
sky130_fd_sc_hd__sdlclkp_1          2       37.536      31.669    sky130_fd_sc_hd__ss_100C_1v60       0 
sky130_fd_sc_hd__xnor2_1           64      560.538     194.659    sky130_fd_sc_hd__ss_100C_1v60       0 
sky130_fd_sc_hd__xor2_1            51      446.678     288.416    sky130_fd_sc_hd__ss_100C_1v60       0 
sram22_256x32m4w8                   8   838025.978  560880.000    sram22_256x32m4w8                   0 
--------------------------------------------------------------------------------------------------------
total                           20904  1059389.534  690297.360                                  


                                                                 Leakage  Leakage 
           Library            Instances Instances %    Area    Power (nW) Power % 
----------------------------------------------------------------------------------
sky130_fd_sc_hd__ss_100C_1v60     20896       100.0 221363.555 129417.360    18.7 
sram22_256x32m4w8                     8         0.0 838025.978 560880.000    81.3 

                                                            Leakage  Leakage 
            Type             Instances     Area    Area % Power (nW) Power % 
-----------------------------------------------------------------------------
timing_model                         8  838025.978   79.1 560880.000    81.3 
sequential                        4342   86755.706    8.2  60096.462     8.7 
inverter                           728    3189.309    0.3   3765.021     0.5 
buffer                             549    4870.922    0.5   4410.988     0.6 
clock_gating_integrated_cell         2      37.536    0.0     31.669     0.0 
logic                            15275  126510.083   11.9  61113.220     8.9 
physical_cells                       0       0.000    0.0      0.000     0.0 
-----------------------------------------------------------------------------
total                            20904 1059389.534  100.0 690297.360   100.0 

